{"C:\\Users\\u200447\\Documents\\Learning coding\\Avious Group todo interview assement\\Version5 (finished)\\backend\\src\\server.js": {"path":"C:\\Users\\u200447\\Documents\\Learning coding\\Avious Group todo interview assement\\Version5 (finished)\\backend\\src\\server.js","statementMap":{"0":{"start":{"line":1,"column":16},"end":{"line":1,"column":34}},"1":{"start":{"line":2,"column":13},"end":{"line":2,"column":28}},"2":{"start":{"line":3,"column":19},"end":{"line":3,"column":47}},"3":{"start":{"line":4,"column":20},"end":{"line":4,"column":57}},"4":{"start":{"line":6,"column":15},"end":{"line":34,"column":1}},"5":{"start":{"line":7,"column":17},"end":{"line":7,"column":26}},"6":{"start":{"line":8,"column":2},"end":{"line":8,"column":29}},"7":{"start":{"line":9,"column":2},"end":{"line":9,"column":21}},"8":{"start":{"line":11,"column":2},"end":{"line":14,"column":5}},"9":{"start":{"line":12,"column":4},"end":{"line":12,"column":45}},"10":{"start":{"line":13,"column":4},"end":{"line":13,"column":55}},"11":{"start":{"line":16,"column":2},"end":{"line":24,"column":5}},"12":{"start":{"line":17,"column":4},"end":{"line":17,"column":46}},"13":{"start":{"line":18,"column":21},"end":{"line":21,"column":5}},"14":{"start":{"line":22,"column":4},"end":{"line":22,"column":34}},"15":{"start":{"line":23,"column":4},"end":{"line":23,"column":55}},"16":{"start":{"line":26,"column":2},"end":{"line":31,"column":5}},"17":{"start":{"line":27,"column":4},"end":{"line":27,"column":41}},"18":{"start":{"line":28,"column":21},"end":{"line":28,"column":34}},"19":{"start":{"line":29,"column":4},"end":{"line":29,"column":43}},"20":{"start":{"line":30,"column":4},"end":{"line":30,"column":55}},"21":{"start":{"line":33,"column":2},"end":{"line":33,"column":16}},"22":{"start":{"line":35,"column":0},"end":{"line":35,"column":24}}},"fnMap":{"0":{"name":"(anonymous_0)","decl":{"start":{"line":6,"column":15},"end":{"line":6,"column":16}},"loc":{"start":{"line":6,"column":21},"end":{"line":34,"column":1}},"line":6},"1":{"name":"(anonymous_1)","decl":{"start":{"line":11,"column":26},"end":{"line":11,"column":27}},"loc":{"start":{"line":11,"column":46},"end":{"line":14,"column":3}},"line":11},"2":{"name":"(anonymous_2)","decl":{"start":{"line":16,"column":27},"end":{"line":16,"column":28}},"loc":{"start":{"line":16,"column":47},"end":{"line":24,"column":3}},"line":16},"3":{"name":"(anonymous_3)","decl":{"start":{"line":26,"column":26},"end":{"line":26,"column":27}},"loc":{"start":{"line":26,"column":46},"end":{"line":31,"column":3}},"line":26}},"branchMap":{},"s":{"0":1,"1":1,"2":1,"3":1,"4":1,"5":1,"6":1,"7":1,"8":1,"9":3,"10":3,"11":1,"12":2,"13":2,"14":2,"15":2,"16":1,"17":1,"18":1,"19":1,"20":1,"21":1,"22":1},"f":{"0":1,"1":3,"2":2,"3":1},"b":{},"_coverageSchema":"1a1c01bbd47fc00a2c39e90264f33305004495a9","hash":"b1ddd20c56198eee4799fe4d15b8a6cec435d771"}
,"C:\\Users\\u200447\\Documents\\Learning coding\\Avious Group todo interview assement\\Version5 (finished)\\backend\\src\\repository\\todo.js": {"path":"C:\\Users\\u200447\\Documents\\Learning coding\\Avious Group todo interview assement\\Version5 (finished)\\backend\\src\\repository\\todo.js","statementMap":{"0":{"start":{"line":1,"column":15},"end":{"line":12,"column":1}},"1":{"start":{"line":15,"column":2},"end":{"line":15,"column":28}},"2":{"start":{"line":16,"column":2},"end":{"line":16,"column":35}},"3":{"start":{"line":20,"column":2},"end":{"line":20,"column":37}},"4":{"start":{"line":21,"column":2},"end":{"line":21,"column":35}},"5":{"start":{"line":24,"column":0},"end":{"line":28,"column":2}},"6":{"start":{"line":25,"column":18},"end":{"line":25,"column":43}}},"fnMap":{"0":{"name":"addNewTodo","decl":{"start":{"line":14,"column":9},"end":{"line":14,"column":19}},"loc":{"start":{"line":14,"column":26},"end":{"line":17,"column":1}},"line":14},"1":{"name":"overwriteTodoList","decl":{"start":{"line":19,"column":9},"end":{"line":19,"column":26}},"loc":{"start":{"line":19,"column":40},"end":{"line":22,"column":1}},"line":19},"2":{"name":"(anonymous_2)","decl":{"start":{"line":25,"column":12},"end":{"line":25,"column":13}},"loc":{"start":{"line":25,"column":18},"end":{"line":25,"column":43}},"line":25}},"branchMap":{},"s":{"0":2,"1":3,"2":3,"3":2,"4":2,"5":2,"6":7},"f":{"0":3,"1":2,"2":7},"b":{},"_coverageSchema":"1a1c01bbd47fc00a2c39e90264f33305004495a9","hash":"fa68e1da692425778b5b156e264ba1c503f67408"}
,"C:\\Users\\u200447\\Documents\\Learning coding\\Avious Group todo interview assement\\Version5 (finished)\\backend\\src\\service\\todo.js": {"path":"C:\\Users\\u200447\\Documents\\Learning coding\\Avious Group todo interview assement\\Version5 (finished)\\backend\\src\\service\\todo.js","statementMap":{"0":{"start":{"line":1,"column":20},"end":{"line":13,"column":1}},"1":{"start":{"line":2,"column":2},"end":{"line":12,"column":4}},"2":{"start":{"line":4,"column":6},"end":{"line":4,"column":41}},"3":{"start":{"line":7,"column":6},"end":{"line":7,"column":47}},"4":{"start":{"line":10,"column":6},"end":{"line":10,"column":57}},"5":{"start":{"line":15,"column":0},"end":{"line":15,"column":29}}},"fnMap":{"0":{"name":"(anonymous_0)","decl":{"start":{"line":1,"column":20},"end":{"line":1,"column":21}},"loc":{"start":{"line":1,"column":36},"end":{"line":13,"column":1}},"line":1},"1":{"name":"(anonymous_1)","decl":{"start":{"line":3,"column":14},"end":{"line":3,"column":15}},"loc":{"start":{"line":3,"column":26},"end":{"line":5,"column":5}},"line":3},"2":{"name":"(anonymous_2)","decl":{"start":{"line":6,"column":13},"end":{"line":6,"column":14}},"loc":{"start":{"line":6,"column":29},"end":{"line":8,"column":5}},"line":6},"3":{"name":"(anonymous_3)","decl":{"start":{"line":9,"column":22},"end":{"line":9,"column":23}},"loc":{"start":{"line":9,"column":41},"end":{"line":11,"column":5}},"line":9}},"branchMap":{},"s":{"0":2,"1":4,"2":7,"3":3,"4":2,"5":2},"f":{"0":4,"1":7,"2":3,"3":2},"b":{},"_coverageSchema":"1a1c01bbd47fc00a2c39e90264f33305004495a9","hash":"e9d84b1267c5a9036cc49dd4ea44334f95fc4592"}
}
