TN:
SF:src\server.js
FN:6,(anonymous_0)
FN:11,(anonymous_1)
FN:16,(anonymous_2)
FN:26,(anonymous_3)
FNF:4
FNH:4
FNDA:1,(anonymous_0)
FNDA:3,(anonymous_1)
FNDA:2,(anonymous_2)
FNDA:1,(anonymous_3)
DA:1,1
DA:2,1
DA:3,1
DA:4,1
DA:6,1
DA:7,1
DA:8,1
DA:9,1
DA:11,1
DA:12,3
DA:13,3
DA:16,1
DA:17,2
DA:18,2
DA:22,2
DA:23,2
DA:26,1
DA:27,1
DA:28,1
DA:29,1
DA:30,1
DA:33,1
DA:35,1
LF:23
LH:23
BRF:0
BRH:0
end_of_record
TN:
SF:src\repository\todo.js
FN:14,addNewTodo
FN:19,overwriteTodoList
FN:25,(anonymous_2)
FNF:3
FNH:3
FNDA:3,addNewTodo
FNDA:2,overwriteTodoList
FNDA:7,(anonymous_2)
DA:1,2
DA:15,3
DA:16,3
DA:20,2
DA:21,2
DA:24,2
DA:25,7
LF:7
LH:7
BRF:0
BRH:0
end_of_record
TN:
SF:src\service\todo.js
FN:1,(anonymous_0)
FN:3,(anonymous_1)
FN:6,(anonymous_2)
FN:9,(anonymous_3)
FNF:4
FNH:4
FNDA:4,(anonymous_0)
FNDA:7,(anonymous_1)
FNDA:3,(anonymous_2)
FNDA:2,(anonymous_3)
DA:1,2
DA:2,4
DA:4,7
DA:7,3
DA:10,2
DA:15,2
LF:6
LH:6
BRF:0
BRH:0
end_of_record
